  [1m[36mSQL (0.3ms)[0m  [1m SELECT name
 FROM sqlite_master
 WHERE type = 'table' AND NOT name = 'sqlite_sequence'
[0m
  [1m[35mSQL (0.1ms)[0m  select sqlite_version(*)
  [1m[36mSQL (246.5ms)[0m  [1mCREATE TABLE "schema_migrations" ("version" varchar(255) NOT NULL) [0m
  [1m[35mSQL (0.1ms)[0m  PRAGMA index_list("schema_migrations")
  [1m[36mSQL (223.0ms)[0m  [1mCREATE UNIQUE INDEX "unique_schema_migrations" ON "schema_migrations" ("version")[0m
  [1m[35mSQL (0.4ms)[0m   SELECT name
 FROM sqlite_master
 WHERE type = 'table' AND NOT name = 'sqlite_sequence'
  [1m[36mSQL (0.4ms)[0m  [1m SELECT name
 FROM sqlite_master
 WHERE type = 'table' AND NOT name = 'sqlite_sequence'
[0m
  [1m[35mSQL (0.2ms)[0m  SELECT "schema_migrations"."version" FROM "schema_migrations"
Migrating to CreateMessages (20110403022903)
  [1m[36mSQL (0.5ms)[0m  [1mCREATE TABLE "messages" ("id" INTEGER PRIMARY KEY AUTOINCREMENT NOT NULL, "content" text, "created_at" datetime, "updated_at" datetime) [0m
  [1m[35mSQL (0.1ms)[0m  INSERT INTO "schema_migrations" ("version") VALUES ('20110403022903')
  [1m[36mSQL (0.2ms)[0m  [1m SELECT name
 FROM sqlite_master
 WHERE type = 'table' AND NOT name = 'sqlite_sequence'
[0m
  [1m[35mSQL (0.1ms)[0m  SELECT "schema_migrations"."version" FROM "schema_migrations"
  [1m[36mSQL (0.1ms)[0m  [1m SELECT name
 FROM sqlite_master
 WHERE type = 'table' AND NOT name = 'sqlite_sequence'
[0m
  [1m[35mSQL (0.0ms)[0m  PRAGMA index_list("messages")


Started GET "/" for 127.0.0.1 at 2014-05-06 21:04:34 +0530
  Processing by MessagesController#index as HTML
  [1m[36mMessage Load (0.4ms)[0m  [1mSELECT "messages".* FROM "messages"[0m
Rendered collection (0.0ms)
Rendered messages/index.html.erb within layouts/application (7.9ms)
Completed 200 OK in 65ms (Views: 11.1ms | ActiveRecord: 0.4ms)


Started GET "/" for 127.0.0.1 at 2014-05-06 21:04:43 +0530
  Processing by MessagesController#index as HTML
  [1m[35mMessage Load (0.2ms)[0m  SELECT "messages".* FROM "messages"
Rendered collection (0.0ms)
Rendered messages/index.html.erb within layouts/application (23.5ms)
Completed 200 OK in 38ms (Views: 28.1ms | ActiveRecord: 0.2ms)


Started POST "/messages" for 127.0.0.1 at 2014-05-06 21:05:08 +0530
  Processing by MessagesController#create as JS
  Parameters: {"utf8"=>"✓", "authenticity_token"=>"h4lW+Fqmaoueg8NN4qziDJ+HV3fn1VKxOGI5C0TRxSk=", "message"=>{"content"=>"hi"}, "commit"=>"Send"}
  [1m[36mSQL (0.1ms)[0m  [1m SELECT name
 FROM sqlite_master
 WHERE type = 'table' AND NOT name = 'sqlite_sequence'
[0m
  [1m[35mAREL (0.3ms)[0m  INSERT INTO "messages" ("content", "created_at", "updated_at") VALUES ('hi', '2014-05-06 15:35:08.489724', '2014-05-06 15:35:08.489724')
Rendered messages/_message.html.erb (16.2ms)
Rendered messages/create.js.erb (38.6ms)
Completed   in 429ms

ActionView::Template::Error (Connection refused - connect(2)):
    1: <% broadcast "/messages/new" do %>
    2:   $("#chat").append("<%= escape_javascript render(@message) %>");
    3: <% end %>
    4: $("#new_message")[0].reset();
  app/helpers/application_helper.rb:5:in `broadcast'
  app/views/messages/create.js.erb:1:in `_app_views_messages_create_js_erb___899562796__622745398__324437377'

Rendered /home/sony/.rvm/gems/ruby-1.9.3-p429@sharon/gems/actionpack-3.0.5/lib/action_dispatch/middleware/templates/rescues/_trace.erb (1.3ms)
Rendered /home/sony/.rvm/gems/ruby-1.9.3-p429@sharon/gems/actionpack-3.0.5/lib/action_dispatch/middleware/templates/rescues/_request_and_response.erb (4.2ms)
Rendered /home/sony/.rvm/gems/ruby-1.9.3-p429@sharon/gems/actionpack-3.0.5/lib/action_dispatch/middleware/templates/rescues/template_error.erb within rescues/layout (9.7ms)


Started POST "/messages" for 127.0.0.1 at 2014-05-06 21:05:10 +0530
  Processing by MessagesController#create as JS
  Parameters: {"utf8"=>"✓", "authenticity_token"=>"h4lW+Fqmaoueg8NN4qziDJ+HV3fn1VKxOGI5C0TRxSk=", "message"=>{"content"=>"hi"}, "commit"=>"Send"}
  [1m[36mAREL (0.2ms)[0m  [1mINSERT INTO "messages" ("content", "created_at", "updated_at") VALUES ('hi', '2014-05-06 15:35:10.643757', '2014-05-06 15:35:10.643757')[0m
Rendered messages/_message.html.erb (1.3ms)
Rendered messages/create.js.erb (6.9ms)
Completed   in 359ms

ActionView::Template::Error (Connection refused - connect(2)):
    1: <% broadcast "/messages/new" do %>
    2:   $("#chat").append("<%= escape_javascript render(@message) %>");
    3: <% end %>
    4: $("#new_message")[0].reset();
  app/helpers/application_helper.rb:5:in `broadcast'
  app/views/messages/create.js.erb:1:in `_app_views_messages_create_js_erb___899562796__614513308__324437377'

Rendered /home/sony/.rvm/gems/ruby-1.9.3-p429@sharon/gems/actionpack-3.0.5/lib/action_dispatch/middleware/templates/rescues/_trace.erb (1.1ms)
Rendered /home/sony/.rvm/gems/ruby-1.9.3-p429@sharon/gems/actionpack-3.0.5/lib/action_dispatch/middleware/templates/rescues/_request_and_response.erb (4.0ms)
Rendered /home/sony/.rvm/gems/ruby-1.9.3-p429@sharon/gems/actionpack-3.0.5/lib/action_dispatch/middleware/templates/rescues/template_error.erb within rescues/layout (23.3ms)


Started POST "/messages" for 127.0.0.1 at 2014-05-06 21:05:12 +0530
  Processing by MessagesController#create as JS
  Parameters: {"utf8"=>"✓", "authenticity_token"=>"h4lW+Fqmaoueg8NN4qziDJ+HV3fn1VKxOGI5C0TRxSk=", "message"=>{"content"=>"hi"}, "commit"=>"Send"}
  [1m[35mAREL (0.2ms)[0m  INSERT INTO "messages" ("content", "created_at", "updated_at") VALUES ('hi', '2014-05-06 15:35:12.185482', '2014-05-06 15:35:12.185482')
Rendered messages/_message.html.erb (1.1ms)
Rendered messages/create.js.erb (6.7ms)
Completed   in 412ms

ActionView::Template::Error (Connection refused - connect(2)):
    1: <% broadcast "/messages/new" do %>
    2:   $("#chat").append("<%= escape_javascript render(@message) %>");
    3: <% end %>
    4: $("#new_message")[0].reset();
  app/helpers/application_helper.rb:5:in `broadcast'
  app/views/messages/create.js.erb:1:in `_app_views_messages_create_js_erb___899562796__619282368__324437377'

Rendered /home/sony/.rvm/gems/ruby-1.9.3-p429@sharon/gems/actionpack-3.0.5/lib/action_dispatch/middleware/templates/rescues/_trace.erb (1.1ms)
Rendered /home/sony/.rvm/gems/ruby-1.9.3-p429@sharon/gems/actionpack-3.0.5/lib/action_dispatch/middleware/templates/rescues/_request_and_response.erb (3.9ms)
Rendered /home/sony/.rvm/gems/ruby-1.9.3-p429@sharon/gems/actionpack-3.0.5/lib/action_dispatch/middleware/templates/rescues/template_error.erb within rescues/layout (8.6ms)


Started POST "/messages" for 127.0.0.1 at 2014-05-06 21:05:17 +0530
  Processing by MessagesController#create as JS
  Parameters: {"utf8"=>"✓", "authenticity_token"=>"cbu0zih5Cd6rQWbYhY81qChuJW5V1K8ZW/6stdYJKAk=", "message"=>{"content"=>"hi"}, "commit"=>"Send"}
  [1m[36mAREL (0.3ms)[0m  [1mINSERT INTO "messages" ("content", "created_at", "updated_at") VALUES ('hi', '2014-05-06 15:35:17.477857', '2014-05-06 15:35:17.477857')[0m
Rendered messages/_message.html.erb (0.5ms)
Rendered messages/create.js.erb (2.6ms)
Completed   in 404ms

ActionView::Template::Error (Connection refused - connect(2)):
    1: <% broadcast "/messages/new" do %>
    2:   $("#chat").append("<%= escape_javascript render(@message) %>");
    3: <% end %>
    4: $("#new_message")[0].reset();
  app/helpers/application_helper.rb:5:in `broadcast'
  app/views/messages/create.js.erb:1:in `_app_views_messages_create_js_erb___899562796__633375158__324437377'

Rendered /home/sony/.rvm/gems/ruby-1.9.3-p429@sharon/gems/actionpack-3.0.5/lib/action_dispatch/middleware/templates/rescues/_trace.erb (1.2ms)
Rendered /home/sony/.rvm/gems/ruby-1.9.3-p429@sharon/gems/actionpack-3.0.5/lib/action_dispatch/middleware/templates/rescues/_request_and_response.erb (20.8ms)
Rendered /home/sony/.rvm/gems/ruby-1.9.3-p429@sharon/gems/actionpack-3.0.5/lib/action_dispatch/middleware/templates/rescues/template_error.erb within rescues/layout (25.7ms)


Started POST "/messages" for 127.0.0.1 at 2014-05-06 21:05:17 +0530
  Processing by MessagesController#create as JS
  Parameters: {"utf8"=>"✓", "authenticity_token"=>"cbu0zih5Cd6rQWbYhY81qChuJW5V1K8ZW/6stdYJKAk=", "message"=>{"content"=>"hi"}, "commit"=>"Send"}
  [1m[35mAREL (0.2ms)[0m  INSERT INTO "messages" ("content", "created_at", "updated_at") VALUES ('hi', '2014-05-06 15:35:18.006821', '2014-05-06 15:35:18.006821')
Rendered messages/_message.html.erb (0.6ms)
Rendered messages/create.js.erb (6.5ms)
Completed   in 401ms

ActionView::Template::Error (Connection refused - connect(2)):
    1: <% broadcast "/messages/new" do %>
    2:   $("#chat").append("<%= escape_javascript render(@message) %>");
    3: <% end %>
    4: $("#new_message")[0].reset();
  app/helpers/application_helper.rb:5:in `broadcast'
  app/views/messages/create.js.erb:1:in `_app_views_messages_create_js_erb___899562796__619402688__324437377'

Rendered /home/sony/.rvm/gems/ruby-1.9.3-p429@sharon/gems/actionpack-3.0.5/lib/action_dispatch/middleware/templates/rescues/_trace.erb (1.1ms)
Rendered /home/sony/.rvm/gems/ruby-1.9.3-p429@sharon/gems/actionpack-3.0.5/lib/action_dispatch/middleware/templates/rescues/_request_and_response.erb (4.6ms)
Rendered /home/sony/.rvm/gems/ruby-1.9.3-p429@sharon/gems/actionpack-3.0.5/lib/action_dispatch/middleware/templates/rescues/template_error.erb within rescues/layout (9.4ms)


Started POST "/messages" for 127.0.0.1 at 2014-05-06 21:05:18 +0530
  Processing by MessagesController#create as JS
  Parameters: {"utf8"=>"✓", "authenticity_token"=>"cbu0zih5Cd6rQWbYhY81qChuJW5V1K8ZW/6stdYJKAk=", "message"=>{"content"=>"hi"}, "commit"=>"Send"}
  [1m[36mAREL (0.2ms)[0m  [1mINSERT INTO "messages" ("content", "created_at", "updated_at") VALUES ('hi', '2014-05-06 15:35:18.447644', '2014-05-06 15:35:18.447644')[0m
Rendered messages/_message.html.erb (0.5ms)
Rendered messages/create.js.erb (3.0ms)
Completed   in 406ms

ActionView::Template::Error (Connection refused - connect(2)):
    1: <% broadcast "/messages/new" do %>
    2:   $("#chat").append("<%= escape_javascript render(@message) %>");
    3: <% end %>
    4: $("#new_message")[0].reset();
  app/helpers/application_helper.rb:5:in `broadcast'
  app/views/messages/create.js.erb:1:in `_app_views_messages_create_js_erb___899562796__629654398__324437377'

Rendered /home/sony/.rvm/gems/ruby-1.9.3-p429@sharon/gems/actionpack-3.0.5/lib/action_dispatch/middleware/templates/rescues/_trace.erb (18.2ms)
Rendered /home/sony/.rvm/gems/ruby-1.9.3-p429@sharon/gems/actionpack-3.0.5/lib/action_dispatch/middleware/templates/rescues/_request_and_response.erb (4.2ms)
Rendered /home/sony/.rvm/gems/ruby-1.9.3-p429@sharon/gems/actionpack-3.0.5/lib/action_dispatch/middleware/templates/rescues/template_error.erb within rescues/layout (26.3ms)


Started POST "/messages" for 127.0.0.1 at 2014-05-06 21:05:18 +0530
  Processing by MessagesController#create as JS
  Parameters: {"utf8"=>"✓", "authenticity_token"=>"cbu0zih5Cd6rQWbYhY81qChuJW5V1K8ZW/6stdYJKAk=", "message"=>{"content"=>"hi"}, "commit"=>"Send"}
  [1m[35mAREL (0.3ms)[0m  INSERT INTO "messages" ("content", "created_at", "updated_at") VALUES ('hi', '2014-05-06 15:35:18.903595', '2014-05-06 15:35:18.903595')
Rendered messages/_message.html.erb (0.8ms)
Rendered messages/create.js.erb (3.7ms)
Completed   in 348ms

ActionView::Template::Error (Connection refused - connect(2)):
    1: <% broadcast "/messages/new" do %>
    2:   $("#chat").append("<%= escape_javascript render(@message) %>");
    3: <% end %>
    4: $("#new_message")[0].reset();
  app/helpers/application_helper.rb:5:in `broadcast'
  app/views/messages/create.js.erb:1:in `_app_views_messages_create_js_erb___899562796__619380208__324437377'

Rendered /home/sony/.rvm/gems/ruby-1.9.3-p429@sharon/gems/actionpack-3.0.5/lib/action_dispatch/middleware/templates/rescues/_trace.erb (1.2ms)
Rendered /home/sony/.rvm/gems/ruby-1.9.3-p429@sharon/gems/actionpack-3.0.5/lib/action_dispatch/middleware/templates/rescues/_request_and_response.erb (4.2ms)
Rendered /home/sony/.rvm/gems/ruby-1.9.3-p429@sharon/gems/actionpack-3.0.5/lib/action_dispatch/middleware/templates/rescues/template_error.erb within rescues/layout (9.3ms)


Started POST "/messages" for 127.0.0.1 at 2014-05-06 21:05:19 +0530
  Processing by MessagesController#create as JS
  Parameters: {"utf8"=>"✓", "authenticity_token"=>"cbu0zih5Cd6rQWbYhY81qChuJW5V1K8ZW/6stdYJKAk=", "message"=>{"content"=>"hi"}, "commit"=>"Send"}
  [1m[36mAREL (0.3ms)[0m  [1mINSERT INTO "messages" ("content", "created_at", "updated_at") VALUES ('hi', '2014-05-06 15:35:19.310886', '2014-05-06 15:35:19.310886')[0m
Rendered messages/_message.html.erb (0.5ms)
Rendered messages/create.js.erb (2.7ms)
Completed   in 306ms

ActionView::Template::Error (Connection refused - connect(2)):
    1: <% broadcast "/messages/new" do %>
    2:   $("#chat").append("<%= escape_javascript render(@message) %>");
    3: <% end %>
    4: $("#new_message")[0].reset();
  app/helpers/application_helper.rb:5:in `broadcast'
  app/views/messages/create.js.erb:1:in `_app_views_messages_create_js_erb___899562796__635402378__324437377'

Rendered /home/sony/.rvm/gems/ruby-1.9.3-p429@sharon/gems/actionpack-3.0.5/lib/action_dispatch/middleware/templates/rescues/_trace.erb (2.0ms)
Rendered /home/sony/.rvm/gems/ruby-1.9.3-p429@sharon/gems/actionpack-3.0.5/lib/action_dispatch/middleware/templates/rescues/_request_and_response.erb (6.2ms)
Rendered /home/sony/.rvm/gems/ruby-1.9.3-p429@sharon/gems/actionpack-3.0.5/lib/action_dispatch/middleware/templates/rescues/template_error.erb within rescues/layout (14.3ms)


Started POST "/messages" for 127.0.0.1 at 2014-05-06 21:07:47 +0530
  Processing by MessagesController#create as JS
  Parameters: {"utf8"=>"✓", "authenticity_token"=>"cbu0zih5Cd6rQWbYhY81qChuJW5V1K8ZW/6stdYJKAk=", "message"=>{"content"=>"hi"}, "commit"=>"Send"}
  [1m[35mAREL (0.2ms)[0m  INSERT INTO "messages" ("content", "created_at", "updated_at") VALUES ('hi', '2014-05-06 15:37:47.088069', '2014-05-06 15:37:47.088069')
Rendered messages/_message.html.erb (0.8ms)
Rendered messages/create.js.erb (4.2ms)
Completed   in 332ms

ActionView::Template::Error (Connection refused - connect(2)):
    1: <% broadcast "/messages/new" do %>
    2:   $("#chat").append("<%= escape_javascript render(@message) %>");
    3: <% end %>
    4: $("#new_message")[0].reset();
  app/helpers/application_helper.rb:5:in `broadcast'
  app/views/messages/create.js.erb:1:in `_app_views_messages_create_js_erb___899562796__614554978__324437377'

Rendered /home/sony/.rvm/gems/ruby-1.9.3-p429@sharon/gems/actionpack-3.0.5/lib/action_dispatch/middleware/templates/rescues/_trace.erb (1.4ms)
Rendered /home/sony/.rvm/gems/ruby-1.9.3-p429@sharon/gems/actionpack-3.0.5/lib/action_dispatch/middleware/templates/rescues/_request_and_response.erb (5.9ms)
Rendered /home/sony/.rvm/gems/ruby-1.9.3-p429@sharon/gems/actionpack-3.0.5/lib/action_dispatch/middleware/templates/rescues/template_error.erb within rescues/layout (11.3ms)


Started GET "/" for 127.0.0.1 at 2014-05-06 21:08:29 +0530
  Processing by MessagesController#index as HTML
  [1m[36mMessage Load (0.5ms)[0m  [1mSELECT "messages".* FROM "messages"[0m
Rendered messages/_message.html.erb (5.9ms)
Rendered messages/index.html.erb within layouts/application (10.1ms)
Completed 200 OK in 20ms (Views: 13.5ms | ActiveRecord: 0.5ms)


Started GET "/faye.js" for 127.0.0.1 at 2014-05-06 21:08:30 +0530

ActionController::RoutingError (No route matches "/faye.js"):
  

Rendered /home/sony/.rvm/gems/ruby-1.9.3-p429@sharon/gems/actionpack-3.0.5/lib/action_dispatch/middleware/templates/rescues/routing_error.erb within rescues/layout (1.0ms)


Started POST "/messages" for 127.0.0.1 at 2014-05-06 21:08:35 +0530
  Processing by MessagesController#create as JS
  Parameters: {"utf8"=>"✓", "authenticity_token"=>"cbu0zih5Cd6rQWbYhY81qChuJW5V1K8ZW/6stdYJKAk=", "message"=>{"content"=>"hi"}, "commit"=>"Send"}
  [1m[35mAREL (0.2ms)[0m  INSERT INTO "messages" ("content", "created_at", "updated_at") VALUES ('hi', '2014-05-06 15:38:35.519434', '2014-05-06 15:38:35.519434')
Rendered messages/_message.html.erb (0.5ms)


Started POST "/faye" for 127.0.0.1 at 2014-05-06 21:08:35 +0530

ActionController::RoutingError (No route matches "/faye"):
  

Rendered /home/sony/.rvm/gems/ruby-1.9.3-p429@sharon/gems/actionpack-3.0.5/lib/action_dispatch/middleware/templates/rescues/routing_error.erb within rescues/layout (1.3ms)
Rendered messages/create.js.erb (19.9ms)
Completed 200 OK in 355ms (Views: 30.2ms | ActiveRecord: 0.2ms)


Started GET "/" for 127.0.0.1 at 2014-05-06 21:08:37 +0530
  Processing by MessagesController#index as HTML
  [1m[36mMessage Load (0.5ms)[0m  [1mSELECT "messages".* FROM "messages"[0m
Rendered messages/_message.html.erb (5.9ms)
Rendered messages/index.html.erb within layouts/application (9.7ms)
Completed 200 OK in 20ms (Views: 12.8ms | ActiveRecord: 0.5ms)


Started GET "/faye.js" for 127.0.0.1 at 2014-05-06 21:08:37 +0530

ActionController::RoutingError (No route matches "/faye.js"):
  

Rendered /home/sony/.rvm/gems/ruby-1.9.3-p429@sharon/gems/actionpack-3.0.5/lib/action_dispatch/middleware/templates/rescues/routing_error.erb within rescues/layout (1.4ms)


Started GET "/" for 127.0.0.1 at 2014-05-06 21:08:43 +0530
  Processing by MessagesController#index as HTML
  [1m[35mMessage Load (0.5ms)[0m  SELECT "messages".* FROM "messages"
Rendered messages/_message.html.erb (5.6ms)
Rendered messages/index.html.erb within layouts/application (10.4ms)
Completed 200 OK in 21ms (Views: 13.6ms | ActiveRecord: 0.5ms)


Started GET "/faye.js" for 127.0.0.1 at 2014-05-06 21:08:44 +0530

ActionController::RoutingError (No route matches "/faye.js"):
  

Rendered /home/sony/.rvm/gems/ruby-1.9.3-p429@sharon/gems/actionpack-3.0.5/lib/action_dispatch/middleware/templates/rescues/routing_error.erb within rescues/layout (1.3ms)


Started GET "/faye.js" for 127.0.0.1 at 2014-05-06 21:08:44 +0530

ActionController::RoutingError (No route matches "/faye.js"):
  

Rendered /home/sony/.rvm/gems/ruby-1.9.3-p429@sharon/gems/actionpack-3.0.5/lib/action_dispatch/middleware/templates/rescues/routing_error.erb within rescues/layout (0.9ms)


Started POST "/messages" for 127.0.0.1 at 2014-05-06 21:08:51 +0530
  Processing by MessagesController#create as JS
  Parameters: {"utf8"=>"✓", "authenticity_token"=>"h4lW+Fqmaoueg8NN4qziDJ+HV3fn1VKxOGI5C0TRxSk=", "message"=>{"content"=>""}, "commit"=>"Send"}
  [1m[36mAREL (0.2ms)[0m  [1mINSERT INTO "messages" ("content", "created_at", "updated_at") VALUES ('', '2014-05-06 15:38:51.300977', '2014-05-06 15:38:51.300977')[0m
Rendered messages/_message.html.erb (0.6ms)


Started POST "/faye" for 127.0.0.1 at 2014-05-06 21:08:51 +0530

ActionController::RoutingError (No route matches "/faye"):
  

Rendered /home/sony/.rvm/gems/ruby-1.9.3-p429@sharon/gems/actionpack-3.0.5/lib/action_dispatch/middleware/templates/rescues/routing_error.erb within rescues/layout (1.4ms)
Rendered messages/create.js.erb (20.0ms)
Completed 200 OK in 532ms (Views: 24.5ms | ActiveRecord: 0.2ms)


Started GET "/faye" for 127.0.0.1 at 2014-05-06 21:11:44 +0530

ActionController::RoutingError (No route matches "/faye"):
  

Rendered /home/sony/.rvm/gems/ruby-1.9.3-p429@sharon/gems/actionpack-3.0.5/lib/action_dispatch/middleware/templates/rescues/routing_error.erb within rescues/layout (1.1ms)


Started GET "/" for 127.0.0.1 at 2014-05-06 21:15:59 +0530
  Processing by MessagesController#index as HTML
  [1m[36mMessage Load (0.6ms)[0m  [1mSELECT "messages".* FROM "messages"[0m
Rendered messages/_message.html.erb (4.9ms)
Rendered messages/index.html.erb within layouts/application (14.0ms)
Completed 200 OK in 52ms (Views: 16.9ms | ActiveRecord: 0.6ms)


Started GET "/" for 127.0.0.1 at 2014-05-06 21:16:01 +0530
  Processing by MessagesController#index as HTML
  [1m[35mMessage Load (0.5ms)[0m  SELECT "messages".* FROM "messages"
Rendered messages/_message.html.erb (28.2ms)
Rendered messages/index.html.erb within layouts/application (33.7ms)
Completed 200 OK in 49ms (Views: 38.1ms | ActiveRecord: 0.5ms)


Started POST "/messages" for 127.0.0.1 at 2014-05-06 21:16:11 +0530
  Processing by MessagesController#create as JS
  Parameters: {"utf8"=>"✓", "authenticity_token"=>"h4lW+Fqmaoueg8NN4qziDJ+HV3fn1VKxOGI5C0TRxSk=", "message"=>{"content"=>"teseyt"}, "commit"=>"Send"}
  [1m[36mSQL (0.1ms)[0m  [1m SELECT name
 FROM sqlite_master
 WHERE type = 'table' AND NOT name = 'sqlite_sequence'
[0m
  [1m[35mAREL (0.3ms)[0m  INSERT INTO "messages" ("content", "created_at", "updated_at") VALUES ('teseyt', '2014-05-06 15:46:11.392113', '2014-05-06 15:46:11.392113')
Rendered messages/_message.html.erb (0.6ms)
Rendered messages/create.js.erb (23.2ms)
Completed   in 380ms

ActionView::Template::Error (Connection refused - connect(2)):
    1: <% broadcast "/messages/new" do %>
    2:   $("#chat").append("<%= escape_javascript render(@message) %>");
    3: <% end %>
    4: $("#new_message")[0].reset();
  app/helpers/application_helper.rb:5:in `broadcast'
  app/views/messages/create.js.erb:1:in `_app_views_messages_create_js_erb___654014513__622063818_387428968'

Rendered /home/sony/.rvm/gems/ruby-1.9.3-p429@sharon/gems/actionpack-3.0.5/lib/action_dispatch/middleware/templates/rescues/_trace.erb (1.8ms)
Rendered /home/sony/.rvm/gems/ruby-1.9.3-p429@sharon/gems/actionpack-3.0.5/lib/action_dispatch/middleware/templates/rescues/_request_and_response.erb (5.1ms)
Rendered /home/sony/.rvm/gems/ruby-1.9.3-p429@sharon/gems/actionpack-3.0.5/lib/action_dispatch/middleware/templates/rescues/template_error.erb within rescues/layout (12.0ms)


Started GET "/" for 127.0.0.1 at 2014-05-06 21:16:15 +0530
  Processing by MessagesController#index as HTML
  [1m[36mMessage Load (0.5ms)[0m  [1mSELECT "messages".* FROM "messages"[0m
Rendered messages/_message.html.erb (5.9ms)
Rendered messages/index.html.erb within layouts/application (10.0ms)
Completed 200 OK in 20ms (Views: 12.9ms | ActiveRecord: 0.5ms)


Started GET "/" for 127.0.0.1 at 2014-05-06 21:17:24 +0530
  Processing by MessagesController#index as HTML
  [1m[35mMessage Load (0.5ms)[0m  SELECT "messages".* FROM "messages"
Rendered messages/_message.html.erb (21.2ms)
Rendered messages/index.html.erb within layouts/application (24.9ms)
Completed 200 OK in 34ms (Views: 27.9ms | ActiveRecord: 0.5ms)


Started POST "/messages" for 127.0.0.1 at 2014-05-06 21:17:41 +0530
  Processing by MessagesController#create as JS
  Parameters: {"utf8"=>"✓", "authenticity_token"=>"h4lW+Fqmaoueg8NN4qziDJ+HV3fn1VKxOGI5C0TRxSk=", "message"=>{"content"=>"df"}, "commit"=>"Send"}
  [1m[36mAREL (0.2ms)[0m  [1mINSERT INTO "messages" ("content", "created_at", "updated_at") VALUES ('df', '2014-05-06 15:47:41.683019', '2014-05-06 15:47:41.683019')[0m
Rendered messages/_message.html.erb (0.5ms)
Rendered messages/create.js.erb (2.6ms)
Completed   in 368ms

ActionView::Template::Error (Connection refused - connect(2)):
    1: <% broadcast "/messages/new" do %>
    2:   $("#chat").append("<%= escape_javascript render(@message) %>");
    3: <% end %>
    4: $("#new_message")[0].reset();
  app/helpers/application_helper.rb:5:in `broadcast'
  app/views/messages/create.js.erb:1:in `_app_views_messages_create_js_erb___654014513__622155108_387428968'

Rendered /home/sony/.rvm/gems/ruby-1.9.3-p429@sharon/gems/actionpack-3.0.5/lib/action_dispatch/middleware/templates/rescues/_trace.erb (1.0ms)
Rendered /home/sony/.rvm/gems/ruby-1.9.3-p429@sharon/gems/actionpack-3.0.5/lib/action_dispatch/middleware/templates/rescues/_request_and_response.erb (3.8ms)
Rendered /home/sony/.rvm/gems/ruby-1.9.3-p429@sharon/gems/actionpack-3.0.5/lib/action_dispatch/middleware/templates/rescues/template_error.erb within rescues/layout (8.2ms)


Started GET "/" for 127.0.0.1 at 2014-05-06 21:17:43 +0530
  Processing by MessagesController#index as HTML
  [1m[35mMessage Load (0.5ms)[0m  SELECT "messages".* FROM "messages"
Rendered messages/_message.html.erb (21.9ms)
Rendered messages/index.html.erb within layouts/application (25.5ms)
Completed 200 OK in 35ms (Views: 28.5ms | ActiveRecord: 0.5ms)


Started GET "/" for 127.0.0.1 at 2014-05-06 21:24:42 +0530
  Processing by MessagesController#index as HTML
  [1m[36mMessage Load (0.7ms)[0m  [1mSELECT "messages".* FROM "messages"[0m
Rendered messages/_message.html.erb (5.0ms)
Rendered messages/index.html.erb within layouts/application (13.6ms)
Completed 200 OK in 54ms (Views: 16.7ms | ActiveRecord: 0.7ms)


Started POST "/messages" for 127.0.0.1 at 2014-05-06 21:24:46 +0530
  Processing by MessagesController#create as JS
  Parameters: {"utf8"=>"✓", "authenticity_token"=>"cbu0zih5Cd6rQWbYhY81qChuJW5V1K8ZW/6stdYJKAk=", "message"=>{"content"=>"test"}, "commit"=>"Send"}
  [1m[35mSQL (0.1ms)[0m   SELECT name
 FROM sqlite_master
 WHERE type = 'table' AND NOT name = 'sqlite_sequence'
  [1m[36mAREL (0.3ms)[0m  [1mINSERT INTO "messages" ("content", "created_at", "updated_at") VALUES ('test', '2014-05-06 15:54:46.893086', '2014-05-06 15:54:46.893086')[0m
Rendered messages/_message.html.erb (0.5ms)
Rendered messages/create.js.erb (25.2ms)
Completed 200 OK in 417ms (Views: 33.5ms | ActiveRecord: 0.4ms)


Started GET "/" for 127.0.0.1 at 2014-05-06 21:24:53 +0530
  Processing by MessagesController#index as HTML
  [1m[35mMessage Load (0.5ms)[0m  SELECT "messages".* FROM "messages"
Rendered messages/_message.html.erb (6.3ms)
Rendered messages/index.html.erb within layouts/application (10.1ms)
Completed 200 OK in 20ms (Views: 13.1ms | ActiveRecord: 0.5ms)


Started GET "/" for 127.0.0.1 at 2014-05-06 21:25:06 +0530
  Processing by MessagesController#index as HTML
  [1m[36mMessage Load (0.5ms)[0m  [1mSELECT "messages".* FROM "messages"[0m
Rendered messages/_message.html.erb (6.2ms)
Rendered messages/index.html.erb within layouts/application (9.9ms)
Completed 200 OK in 20ms (Views: 12.9ms | ActiveRecord: 0.5ms)


Started POST "/messages" for 127.0.0.1 at 2014-05-06 21:25:44 +0530
  Processing by MessagesController#create as JS
  Parameters: {"utf8"=>"✓", "authenticity_token"=>"cbu0zih5Cd6rQWbYhY81qChuJW5V1K8ZW/6stdYJKAk=", "message"=>{"content"=>"test"}, "commit"=>"Send"}
  [1m[35mAREL (0.2ms)[0m  INSERT INTO "messages" ("content", "created_at", "updated_at") VALUES ('test', '2014-05-06 15:55:44.130185', '2014-05-06 15:55:44.130185')
Rendered messages/_message.html.erb (0.6ms)
Rendered messages/create.js.erb (38.6ms)
Completed 200 OK in 429ms (Views: 49.9ms | ActiveRecord: 0.2ms)


Started GET "/" for 127.0.0.1 at 2014-05-06 21:25:50 +0530
  Processing by MessagesController#index as HTML
  [1m[36mMessage Load (0.5ms)[0m  [1mSELECT "messages".* FROM "messages"[0m
Rendered messages/_message.html.erb (6.3ms)
Rendered messages/index.html.erb within layouts/application (10.0ms)
Completed 200 OK in 36ms (Views: 13.0ms | ActiveRecord: 0.5ms)


Started POST "/messages" for 127.0.0.1 at 2014-05-06 21:25:58 +0530
  Processing by MessagesController#create as JS
  Parameters: {"utf8"=>"✓", "authenticity_token"=>"cbu0zih5Cd6rQWbYhY81qChuJW5V1K8ZW/6stdYJKAk=", "message"=>{"content"=>"from console 1"}, "commit"=>"Send"}
  [1m[35mAREL (0.2ms)[0m  INSERT INTO "messages" ("content", "created_at", "updated_at") VALUES ('from console 1', '2014-05-06 15:55:58.974327', '2014-05-06 15:55:58.974327')
Rendered messages/_message.html.erb (1.6ms)
Rendered messages/create.js.erb (38.5ms)
Completed 200 OK in 604ms (Views: 51.5ms | ActiveRecord: 0.2ms)


Started GET "/" for 127.0.0.1 at 2014-05-06 21:26:02 +0530
  Processing by MessagesController#index as HTML
  [1m[36mMessage Load (0.5ms)[0m  [1mSELECT "messages".* FROM "messages"[0m
Rendered messages/_message.html.erb (23.7ms)
Rendered messages/index.html.erb within layouts/application (27.4ms)
Completed 200 OK in 37ms (Views: 30.4ms | ActiveRecord: 0.5ms)


Started GET "/" for 127.0.0.1 at 2014-05-06 21:26:06 +0530
  Processing by MessagesController#index as HTML
  [1m[35mMessage Load (0.5ms)[0m  SELECT "messages".* FROM "messages"
Rendered messages/_message.html.erb (7.0ms)
Rendered messages/index.html.erb within layouts/application (10.6ms)
Completed 200 OK in 20ms (Views: 13.6ms | ActiveRecord: 0.5ms)


Started POST "/messages" for 127.0.0.1 at 2014-05-06 21:26:15 +0530
  Processing by MessagesController#create as JS
  Parameters: {"utf8"=>"✓", "authenticity_token"=>"cbu0zih5Cd6rQWbYhY81qChuJW5V1K8ZW/6stdYJKAk=", "message"=>{"content"=>"test from console 1"}, "commit"=>"Send"}
  [1m[36mAREL (0.2ms)[0m  [1mINSERT INTO "messages" ("content", "created_at", "updated_at") VALUES ('test from console 1', '2014-05-06 15:56:15.141861', '2014-05-06 15:56:15.141861')[0m
Rendered messages/_message.html.erb (1.5ms)
Rendered messages/create.js.erb (25.9ms)
Completed 200 OK in 422ms (Views: 38.5ms | ActiveRecord: 0.2ms)


Started POST "/messages" for 127.0.0.1 at 2014-05-06 21:26:15 +0530
  Processing by MessagesController#create as JS
  Parameters: {"utf8"=>"✓", "authenticity_token"=>"cbu0zih5Cd6rQWbYhY81qChuJW5V1K8ZW/6stdYJKAk=", "message"=>{"content"=>""}, "commit"=>"Send"}
  [1m[35mAREL (0.2ms)[0m  INSERT INTO "messages" ("content", "created_at", "updated_at") VALUES ('', '2014-05-06 15:56:15.895526', '2014-05-06 15:56:15.895526')
Rendered messages/_message.html.erb (0.5ms)
Rendered messages/create.js.erb (20.1ms)
Completed 200 OK in 264ms (Views: 33.2ms | ActiveRecord: 0.2ms)


Started GET "/" for 127.0.0.1 at 2014-05-06 21:26:19 +0530
  Processing by MessagesController#index as HTML
  [1m[36mMessage Load (0.5ms)[0m  [1mSELECT "messages".* FROM "messages"[0m
Rendered messages/_message.html.erb (6.9ms)
Rendered messages/index.html.erb within layouts/application (10.6ms)
Completed 200 OK in 20ms (Views: 14.0ms | ActiveRecord: 0.5ms)


Started GET "/" for 127.0.0.1 at 2014-05-06 21:26:22 +0530
  Processing by MessagesController#index as HTML
  [1m[35mMessage Load (0.6ms)[0m  SELECT "messages".* FROM "messages"
Rendered messages/_message.html.erb (6.6ms)
Rendered messages/index.html.erb within layouts/application (10.4ms)
Completed 200 OK in 20ms (Views: 13.3ms | ActiveRecord: 0.6ms)


Started POST "/messages" for 127.0.0.1 at 2014-05-06 21:26:31 +0530
  Processing by MessagesController#create as JS
  Parameters: {"utf8"=>"✓", "authenticity_token"=>"cbu0zih5Cd6rQWbYhY81qChuJW5V1K8ZW/6stdYJKAk=", "message"=>{"content"=>"from console 2"}, "commit"=>"Send"}
  [1m[36mAREL (0.2ms)[0m  [1mINSERT INTO "messages" ("content", "created_at", "updated_at") VALUES ('from console 2', '2014-05-06 15:56:31.879061', '2014-05-06 15:56:31.879061')[0m
Rendered messages/_message.html.erb (1.5ms)
Rendered messages/create.js.erb (29.4ms)
Completed 200 OK in 620ms (Views: 41.9ms | ActiveRecord: 0.2ms)


Started GET "/" for 127.0.0.1 at 2014-05-06 21:26:34 +0530
  Processing by MessagesController#index as HTML
  [1m[35mMessage Load (0.6ms)[0m  SELECT "messages".* FROM "messages"
Rendered messages/_message.html.erb (6.7ms)
Rendered messages/index.html.erb within layouts/application (10.4ms)
Completed 200 OK in 20ms (Views: 13.4ms | ActiveRecord: 0.6ms)


Started GET "/" for 127.0.0.1 at 2014-05-06 21:26:43 +0530
  Processing by MessagesController#index as HTML
  [1m[36mMessage Load (0.6ms)[0m  [1mSELECT "messages".* FROM "messages"[0m
Rendered messages/_message.html.erb (7.2ms)
Rendered messages/index.html.erb within layouts/application (11.1ms)
Completed 200 OK in 21ms (Views: 14.1ms | ActiveRecord: 0.6ms)


Started GET "/" for 127.0.0.1 at 2014-05-06 21:32:32 +0530
  Processing by MessagesController#index as HTML
  [1m[36mMessage Load (0.7ms)[0m  [1mSELECT "messages".* FROM "messages"[0m
Rendered messages/_message.html.erb (5.8ms)
Rendered messages/index.html.erb within layouts/application (28.2ms)
Completed 200 OK in 70ms (Views: 31.3ms | ActiveRecord: 0.7ms)


Started POST "/messages" for 127.0.0.1 at 2014-05-06 21:32:39 +0530
  Processing by MessagesController#create as JS
  Parameters: {"utf8"=>"✓", "authenticity_token"=>"cbu0zih5Cd6rQWbYhY81qChuJW5V1K8ZW/6stdYJKAk=", "message"=>{"content"=>"hello form thin"}, "commit"=>"Send"}
  [1m[35mSQL (0.1ms)[0m   SELECT name
 FROM sqlite_master
 WHERE type = 'table' AND NOT name = 'sqlite_sequence'
  [1m[36mAREL (0.3ms)[0m  [1mINSERT INTO "messages" ("content", "created_at", "updated_at") VALUES ('hello form thin', '2014-05-06 16:02:39.488679', '2014-05-06 16:02:39.488679')[0m
Rendered messages/_message.html.erb (0.5ms)
Rendered messages/create.js.erb (23.1ms)
Completed 200 OK in 388ms (Views: 32.9ms | ActiveRecord: 0.4ms)


Started GET "/" for 127.0.0.1 at 2014-05-06 21:32:43 +0530
  Processing by MessagesController#index as HTML
  [1m[35mMessage Load (0.6ms)[0m  SELECT "messages".* FROM "messages"
Rendered messages/_message.html.erb (7.4ms)
Rendered messages/index.html.erb within layouts/application (11.4ms)
Completed 200 OK in 22ms (Views: 14.4ms | ActiveRecord: 0.6ms)


Started GET "/" for 127.0.0.1 at 2014-05-06 21:33:09 +0530
  Processing by MessagesController#index as HTML
  [1m[36mMessage Load (0.6ms)[0m  [1mSELECT "messages".* FROM "messages"[0m
Rendered messages/_message.html.erb (29.8ms)
Rendered messages/index.html.erb within layouts/application (36.4ms)
Completed 200 OK in 47ms (Views: 39.6ms | ActiveRecord: 0.6ms)


Started POST "/messages" for 127.0.0.1 at 2014-05-06 21:33:19 +0530
  Processing by MessagesController#create as JS
  Parameters: {"utf8"=>"✓", "authenticity_token"=>"h4lW+Fqmaoueg8NN4qziDJ+HV3fn1VKxOGI5C0TRxSk=", "message"=>{"content"=>"from the second thin"}, "commit"=>"Send"}
  [1m[35mAREL (0.2ms)[0m  INSERT INTO "messages" ("content", "created_at", "updated_at") VALUES ('from the second thin', '2014-05-06 16:03:19.626182', '2014-05-06 16:03:19.626182')
Rendered messages/_message.html.erb (1.5ms)
Rendered messages/create.js.erb (48.8ms)
Completed 200 OK in 1324ms (Views: 61.4ms | ActiveRecord: 0.2ms)


Started GET "/" for 127.0.0.1 at 2014-05-06 21:33:28 +0530
  Processing by MessagesController#index as HTML
  [1m[36mMessage Load (0.6ms)[0m  [1mSELECT "messages".* FROM "messages"[0m
Rendered messages/_message.html.erb (7.2ms)
Rendered messages/index.html.erb within layouts/application (11.0ms)
Completed 200 OK in 21ms (Views: 13.9ms | ActiveRecord: 0.6ms)


Started POST "/messages" for 127.0.0.1 at 2014-05-06 21:36:33 +0530
  Processing by MessagesController#create as JS
  Parameters: {"utf8"=>"✓", "authenticity_token"=>"h4lW+Fqmaoueg8NN4qziDJ+HV3fn1VKxOGI5C0TRxSk=", "message"=>{"content"=>"100"}, "commit"=>"Send"}
  [1m[35mAREL (0.2ms)[0m  INSERT INTO "messages" ("content", "created_at", "updated_at") VALUES ('100', '2014-05-06 16:06:33.166876', '2014-05-06 16:06:33.166876')
Rendered messages/_message.html.erb (0.5ms)
Rendered messages/create.js.erb (31.6ms)
Completed 200 OK in 429ms (Views: 43.6ms | ActiveRecord: 0.2ms)


Started GET "/" for 127.0.0.1 at 2014-05-06 21:36:39 +0530
  Processing by MessagesController#index as HTML
  [1m[36mMessage Load (0.6ms)[0m  [1mSELECT "messages".* FROM "messages"[0m
Rendered messages/_message.html.erb (7.4ms)
Rendered messages/index.html.erb within layouts/application (11.2ms)
Completed 200 OK in 21ms (Views: 14.1ms | ActiveRecord: 0.6ms)


Started GET "/" for 127.0.0.1 at 2014-05-06 21:36:46 +0530
  Processing by MessagesController#index as HTML
  [1m[35mMessage Load (0.6ms)[0m  SELECT "messages".* FROM "messages"
Rendered messages/_message.html.erb (7.4ms)
Rendered messages/index.html.erb within layouts/application (11.3ms)
Completed 200 OK in 25ms (Views: 14.4ms | ActiveRecord: 0.6ms)


Started GET "/" for 127.0.0.1 at 2014-05-07 10:45:08 +0530
  Processing by MessagesController#index as HTML
  [1m[36mMessage Load (0.7ms)[0m  [1mSELECT "messages".* FROM "messages"[0m
Rendered messages/_message.html.erb (19.9ms)
Rendered messages/index.html.erb within layouts/application (43.2ms)
Completed 200 OK in 142ms (Views: 46.7ms | ActiveRecord: 0.7ms)


Started POST "/messages" for 127.0.0.1 at 2014-05-07 10:45:29 +0530
  Processing by MessagesController#create as JS
  Parameters: {"utf8"=>"✓", "authenticity_token"=>"yLY9EHswOQOgnae1n/NX+u1P9re1mzAIlU85UdgEw7Q=", "message"=>{"content"=>"gt"}, "commit"=>"Send"}
  [1m[35mSQL (0.2ms)[0m   SELECT name
 FROM sqlite_master
 WHERE type = 'table' AND NOT name = 'sqlite_sequence'
  [1m[36mAREL (0.3ms)[0m  [1mINSERT INTO "messages" ("content", "created_at", "updated_at") VALUES ('gt', '2014-05-07 05:15:29.484671', '2014-05-07 05:15:29.484671')[0m
Rendered messages/_message.html.erb (0.5ms)
Rendered messages/create.js.erb (8.5ms)
Completed   in 527ms

ActionView::Template::Error (Connection refused - connect(2)):
    1: <% broadcast "/messages/new" do %>
    2:   $("#chat").append("<%= escape_javascript render(@message) %>");
    3: <% end %>
    4: $("#new_message")[0].reset();
  app/helpers/application_helper.rb:5:in `broadcast'
  app/views/messages/create.js.erb:1:in `_app_views_messages_create_js_erb__811013155_79684600__734802507'

Rendered /home/sony/.rvm/gems/ruby-1.9.3-p429@sharon/gems/actionpack-3.0.5/lib/action_dispatch/middleware/templates/rescues/_trace.erb (1.1ms)
Rendered /home/sony/.rvm/gems/ruby-1.9.3-p429@sharon/gems/actionpack-3.0.5/lib/action_dispatch/middleware/templates/rescues/_request_and_response.erb (4.1ms)
Rendered /home/sony/.rvm/gems/ruby-1.9.3-p429@sharon/gems/actionpack-3.0.5/lib/action_dispatch/middleware/templates/rescues/template_error.erb within rescues/layout (8.8ms)


Started GET "/" for 127.0.0.1 at 2014-05-07 10:46:17 +0530
  Processing by MessagesController#index as HTML
  [1m[35mMessage Load (0.6ms)[0m  SELECT "messages".* FROM "messages"
Rendered messages/_message.html.erb (8.0ms)
Rendered messages/index.html.erb within layouts/application (11.9ms)
Completed 200 OK in 22ms (Views: 14.9ms | ActiveRecord: 0.6ms)


Started POST "/messages" for 127.0.0.1 at 2014-05-07 10:46:26 +0530
  Processing by MessagesController#create as JS
  Parameters: {"utf8"=>"✓", "authenticity_token"=>"yLY9EHswOQOgnae1n/NX+u1P9re1mzAIlU85UdgEw7Q=", "message"=>{"content"=>"ty"}, "commit"=>"Send"}
  [1m[36mAREL (0.2ms)[0m  [1mINSERT INTO "messages" ("content", "created_at", "updated_at") VALUES ('ty', '2014-05-07 05:16:26.196724', '2014-05-07 05:16:26.196724')[0m
Rendered messages/_message.html.erb (0.5ms)
Rendered messages/create.js.erb (32.3ms)
Completed 200 OK in 359ms (Views: 44.7ms | ActiveRecord: 0.2ms)


Started POST "/messages" for 127.0.0.1 at 2014-05-07 10:47:29 +0530
  Processing by MessagesController#create as JS
  Parameters: {"utf8"=>"✓", "authenticity_token"=>"yLY9EHswOQOgnae1n/NX+u1P9re1mzAIlU85UdgEw7Q=", "message"=>{"content"=>"ert"}, "commit"=>"Send"}
  [1m[35mAREL (0.2ms)[0m  INSERT INTO "messages" ("content", "created_at", "updated_at") VALUES ('ert', '2014-05-07 05:17:29.568714', '2014-05-07 05:17:29.568714')
Rendered messages/_message.html.erb (0.5ms)
Rendered messages/create.js.erb (55.3ms)
Completed 200 OK in 507ms (Views: 65.6ms | ActiveRecord: 0.2ms)
